2023-03-09 23:03:40,352 [Worker-6: Loading available Gradle versions] INFO  o.e.b.c.i.u.g.PublishedGradleVersions - Gradle version information cache is up-to-date. Trying to read.
2023-03-10 00:04:29,899 [Worker-39: Launching mavenrun-4aa381c8-d1d4-4165-a558-2ee3bd2f0f8f] INFO  o.eclipse.m2e.core.internal.Bundles - getClasspathEntries(Bundle=org.eclipse.m2e.maven.runtime_3.8.604.20221130-2149 [605])
2023-03-10 00:04:29,904 [Worker-39: Launching mavenrun-4aa381c8-d1d4-4165-a558-2ee3bd2f0f8f] INFO  o.eclipse.m2e.core.internal.Bundles - 	Entry: C:\Users\Henry\.p2\pool\plugins\org.eclipse.m2e.maven.runtime_3.8.604.20221130-2149
2023-03-10 00:04:29,904 [Worker-39: Launching mavenrun-4aa381c8-d1d4-4165-a558-2ee3bd2f0f8f] INFO  o.eclipse.m2e.core.internal.Bundles - 	Entry: C:\Users\Henry\.p2\pool\plugins\org.eclipse.m2e.maven.runtime_3.8.604.20221130-2149\jars\aether-connector-okhttp-0.17.8.jar
2023-03-10 00:04:29,905 [Worker-39: Launching mavenrun-4aa381c8-d1d4-4165-a558-2ee3bd2f0f8f] INFO  o.eclipse.m2e.core.internal.Bundles - 	Entry: C:\Users\Henry\.p2\pool\plugins\org.eclipse.m2e.maven.runtime_3.8.604.20221130-2149\jars\commons-cli-1.4.jar
2023-03-10 00:04:29,905 [Worker-39: Launching mavenrun-4aa381c8-d1d4-4165-a558-2ee3bd2f0f8f] INFO  o.eclipse.m2e.core.internal.Bundles - 	Entry: C:\Users\Henry\.p2\pool\plugins\org.eclipse.m2e.maven.runtime_3.8.604.20221130-2149\jars\commons-io-2.6.jar
2023-03-10 00:04:29,905 [Worker-39: Launching mavenrun-4aa381c8-d1d4-4165-a558-2ee3bd2f0f8f] INFO  o.eclipse.m2e.core.internal.Bundles - 	Entry: C:\Users\Henry\.p2\pool\plugins\org.eclipse.m2e.maven.runtime_3.8.604.20221130-2149\jars\commons-lang3-3.8.1.jar
2023-03-10 00:04:29,905 [Worker-39: Launching mavenrun-4aa381c8-d1d4-4165-a558-2ee3bd2f0f8f] INFO  o.eclipse.m2e.core.internal.Bundles - 	Entry: C:\Users\Henry\.p2\pool\plugins\org.eclipse.m2e.maven.runtime_3.8.604.20221130-2149\jars\guice-4.2.2-no_aop.jar
2023-03-10 00:04:29,905 [Worker-39: Launching mavenrun-4aa381c8-d1d4-4165-a558-2ee3bd2f0f8f] INFO  o.eclipse.m2e.core.internal.Bundles - 	Entry: C:\Users\Henry\.p2\pool\plugins\org.eclipse.m2e.maven.runtime_3.8.604.20221130-2149\jars\jansi-2.4.0.jar
2023-03-10 00:04:29,905 [Worker-39: Launching mavenrun-4aa381c8-d1d4-4165-a558-2ee3bd2f0f8f] INFO  o.eclipse.m2e.core.internal.Bundles - 	Entry: C:\Users\Henry\.p2\pool\plugins\org.eclipse.m2e.maven.runtime_3.8.604.20221130-2149\jars\maven-artifact-3.8.6.jar
2023-03-10 00:04:29,905 [Worker-39: Launching mavenrun-4aa381c8-d1d4-4165-a558-2ee3bd2f0f8f] INFO  o.eclipse.m2e.core.internal.Bundles - 	Entry: C:\Users\Henry\.p2\pool\plugins\org.eclipse.m2e.maven.runtime_3.8.604.20221130-2149\jars\maven-builder-support-3.8.6.jar
2023-03-10 00:04:29,906 [Worker-39: Launching mavenrun-4aa381c8-d1d4-4165-a558-2ee3bd2f0f8f] INFO  o.eclipse.m2e.core.internal.Bundles - 	Entry: C:\Users\Henry\.p2\pool\plugins\org.eclipse.m2e.maven.runtime_3.8.604.20221130-2149\jars\maven-compat-3.8.6.jar
2023-03-10 00:04:29,906 [Worker-39: Launching mavenrun-4aa381c8-d1d4-4165-a558-2ee3bd2f0f8f] INFO  o.eclipse.m2e.core.internal.Bundles - 	Entry: C:\Users\Henry\.p2\pool\plugins\org.eclipse.m2e.maven.runtime_3.8.604.20221130-2149\jars\maven-core-3.8.6.jar
2023-03-10 00:04:29,906 [Worker-39: Launching mavenrun-4aa381c8-d1d4-4165-a558-2ee3bd2f0f8f] INFO  o.eclipse.m2e.core.internal.Bundles - 	Entry: C:\Users\Henry\.p2\pool\plugins\org.eclipse.m2e.maven.runtime_3.8.604.20221130-2149\jars\maven-embedder-3.8.6.jar
2023-03-10 00:04:29,906 [Worker-39: Launching mavenrun-4aa381c8-d1d4-4165-a558-2ee3bd2f0f8f] INFO  o.eclipse.m2e.core.internal.Bundles - 	Entry: C:\Users\Henry\.p2\pool\plugins\org.eclipse.m2e.maven.runtime_3.8.604.20221130-2149\jars\maven-model-3.8.6.jar
2023-03-10 00:04:29,906 [Worker-39: Launching mavenrun-4aa381c8-d1d4-4165-a558-2ee3bd2f0f8f] INFO  o.eclipse.m2e.core.internal.Bundles - 	Entry: C:\Users\Henry\.p2\pool\plugins\org.eclipse.m2e.maven.runtime_3.8.604.20221130-2149\jars\maven-model-builder-3.8.6.jar
2023-03-10 00:04:29,906 [Worker-39: Launching mavenrun-4aa381c8-d1d4-4165-a558-2ee3bd2f0f8f] INFO  o.eclipse.m2e.core.internal.Bundles - 	Entry: C:\Users\Henry\.p2\pool\plugins\org.eclipse.m2e.maven.runtime_3.8.604.20221130-2149\jars\maven-plugin-api-3.8.6.jar
2023-03-10 00:04:29,906 [Worker-39: Launching mavenrun-4aa381c8-d1d4-4165-a558-2ee3bd2f0f8f] INFO  o.eclipse.m2e.core.internal.Bundles - 	Entry: C:\Users\Henry\.p2\pool\plugins\org.eclipse.m2e.maven.runtime_3.8.604.20221130-2149\jars\maven-repository-metadata-3.8.6.jar
2023-03-10 00:04:29,906 [Worker-39: Launching mavenrun-4aa381c8-d1d4-4165-a558-2ee3bd2f0f8f] INFO  o.eclipse.m2e.core.internal.Bundles - 	Entry: C:\Users\Henry\.p2\pool\plugins\org.eclipse.m2e.maven.runtime_3.8.604.20221130-2149\jars\maven-resolver-api-1.6.3.jar
2023-03-10 00:04:29,906 [Worker-39: Launching mavenrun-4aa381c8-d1d4-4165-a558-2ee3bd2f0f8f] INFO  o.eclipse.m2e.core.internal.Bundles - 	Entry: C:\Users\Henry\.p2\pool\plugins\org.eclipse.m2e.maven.runtime_3.8.604.20221130-2149\jars\maven-resolver-connector-basic-1.6.3.jar
2023-03-10 00:04:29,906 [Worker-39: Launching mavenrun-4aa381c8-d1d4-4165-a558-2ee3bd2f0f8f] INFO  o.eclipse.m2e.core.internal.Bundles - 	Entry: C:\Users\Henry\.p2\pool\plugins\org.eclipse.m2e.maven.runtime_3.8.604.20221130-2149\jars\maven-resolver-impl-1.6.3.jar
2023-03-10 00:04:29,907 [Worker-39: Launching mavenrun-4aa381c8-d1d4-4165-a558-2ee3bd2f0f8f] INFO  o.eclipse.m2e.core.internal.Bundles - 	Entry: C:\Users\Henry\.p2\pool\plugins\org.eclipse.m2e.maven.runtime_3.8.604.20221130-2149\jars\maven-resolver-provider-3.8.6.jar
2023-03-10 00:04:29,907 [Worker-39: Launching mavenrun-4aa381c8-d1d4-4165-a558-2ee3bd2f0f8f] INFO  o.eclipse.m2e.core.internal.Bundles - 	Entry: C:\Users\Henry\.p2\pool\plugins\org.eclipse.m2e.maven.runtime_3.8.604.20221130-2149\jars\maven-resolver-spi-1.6.3.jar
2023-03-10 00:04:29,907 [Worker-39: Launching mavenrun-4aa381c8-d1d4-4165-a558-2ee3bd2f0f8f] INFO  o.eclipse.m2e.core.internal.Bundles - 	Entry: C:\Users\Henry\.p2\pool\plugins\org.eclipse.m2e.maven.runtime_3.8.604.20221130-2149\jars\maven-resolver-transport-wagon-1.6.3.jar
2023-03-10 00:04:29,907 [Worker-39: Launching mavenrun-4aa381c8-d1d4-4165-a558-2ee3bd2f0f8f] INFO  o.eclipse.m2e.core.internal.Bundles - 	Entry: C:\Users\Henry\.p2\pool\plugins\org.eclipse.m2e.maven.runtime_3.8.604.20221130-2149\jars\maven-resolver-util-1.6.3.jar
2023-03-10 00:04:29,907 [Worker-39: Launching mavenrun-4aa381c8-d1d4-4165-a558-2ee3bd2f0f8f] INFO  o.eclipse.m2e.core.internal.Bundles - 	Entry: C:\Users\Henry\.p2\pool\plugins\org.eclipse.m2e.maven.runtime_3.8.604.20221130-2149\jars\maven-settings-3.8.6.jar
2023-03-10 00:04:29,907 [Worker-39: Launching mavenrun-4aa381c8-d1d4-4165-a558-2ee3bd2f0f8f] INFO  o.eclipse.m2e.core.internal.Bundles - 	Entry: C:\Users\Henry\.p2\pool\plugins\org.eclipse.m2e.maven.runtime_3.8.604.20221130-2149\jars\maven-settings-builder-3.8.6.jar
2023-03-10 00:04:29,907 [Worker-39: Launching mavenrun-4aa381c8-d1d4-4165-a558-2ee3bd2f0f8f] INFO  o.eclipse.m2e.core.internal.Bundles - 	Entry: C:\Users\Henry\.p2\pool\plugins\org.eclipse.m2e.maven.runtime_3.8.604.20221130-2149\jars\maven-shared-utils-3.3.4.jar
2023-03-10 00:04:29,907 [Worker-39: Launching mavenrun-4aa381c8-d1d4-4165-a558-2ee3bd2f0f8f] INFO  o.eclipse.m2e.core.internal.Bundles - 	Entry: C:\Users\Henry\.p2\pool\plugins\org.eclipse.m2e.maven.runtime_3.8.604.20221130-2149\jars\okhttp-3.14.1.jar
2023-03-10 00:04:29,907 [Worker-39: Launching mavenrun-4aa381c8-d1d4-4165-a558-2ee3bd2f0f8f] INFO  o.eclipse.m2e.core.internal.Bundles - 	Entry: C:\Users\Henry\.p2\pool\plugins\org.eclipse.m2e.maven.runtime_3.8.604.20221130-2149\jars\okio-1.17.3.jar
2023-03-10 00:04:29,907 [Worker-39: Launching mavenrun-4aa381c8-d1d4-4165-a558-2ee3bd2f0f8f] INFO  o.eclipse.m2e.core.internal.Bundles - 	Entry: C:\Users\Henry\.p2\pool\plugins\org.eclipse.m2e.maven.runtime_3.8.604.20221130-2149\jars\org.eclipse.sisu.inject-0.3.5.jar
2023-03-10 00:04:29,908 [Worker-39: Launching mavenrun-4aa381c8-d1d4-4165-a558-2ee3bd2f0f8f] INFO  o.eclipse.m2e.core.internal.Bundles - 	Entry: C:\Users\Henry\.p2\pool\plugins\org.eclipse.m2e.maven.runtime_3.8.604.20221130-2149\jars\org.eclipse.sisu.plexus-0.3.5.jar
2023-03-10 00:04:29,908 [Worker-39: Launching mavenrun-4aa381c8-d1d4-4165-a558-2ee3bd2f0f8f] INFO  o.eclipse.m2e.core.internal.Bundles - 	Entry: C:\Users\Henry\.p2\pool\plugins\org.eclipse.m2e.maven.runtime_3.8.604.20221130-2149\jars\plexus-build-api-0.0.7.jar
2023-03-10 00:04:29,908 [Worker-39: Launching mavenrun-4aa381c8-d1d4-4165-a558-2ee3bd2f0f8f] INFO  o.eclipse.m2e.core.internal.Bundles - 	Entry: C:\Users\Henry\.p2\pool\plugins\org.eclipse.m2e.maven.runtime_3.8.604.20221130-2149\jars\plexus-cipher-2.0.jar
2023-03-10 00:04:29,908 [Worker-39: Launching mavenrun-4aa381c8-d1d4-4165-a558-2ee3bd2f0f8f] INFO  o.eclipse.m2e.core.internal.Bundles - 	Entry: C:\Users\Henry\.p2\pool\plugins\org.eclipse.m2e.maven.runtime_3.8.604.20221130-2149\jars\plexus-classworlds-2.6.0.jar
2023-03-10 00:04:29,908 [Worker-39: Launching mavenrun-4aa381c8-d1d4-4165-a558-2ee3bd2f0f8f] INFO  o.eclipse.m2e.core.internal.Bundles - 	Entry: C:\Users\Henry\.p2\pool\plugins\org.eclipse.m2e.maven.runtime_3.8.604.20221130-2149\jars\plexus-component-annotations-2.1.0.jar
2023-03-10 00:04:29,908 [Worker-39: Launching mavenrun-4aa381c8-d1d4-4165-a558-2ee3bd2f0f8f] INFO  o.eclipse.m2e.core.internal.Bundles - 	Entry: C:\Users\Henry\.p2\pool\plugins\org.eclipse.m2e.maven.runtime_3.8.604.20221130-2149\jars\plexus-interpolation-1.26.jar
2023-03-10 00:04:29,908 [Worker-39: Launching mavenrun-4aa381c8-d1d4-4165-a558-2ee3bd2f0f8f] INFO  o.eclipse.m2e.core.internal.Bundles - 	Entry: C:\Users\Henry\.p2\pool\plugins\org.eclipse.m2e.maven.runtime_3.8.604.20221130-2149\jars\plexus-sec-dispatcher-2.0.jar
2023-03-10 00:04:29,908 [Worker-39: Launching mavenrun-4aa381c8-d1d4-4165-a558-2ee3bd2f0f8f] INFO  o.eclipse.m2e.core.internal.Bundles - 	Entry: C:\Users\Henry\.p2\pool\plugins\org.eclipse.m2e.maven.runtime_3.8.604.20221130-2149\jars\plexus-utils-3.3.1.jar
2023-03-10 00:04:29,908 [Worker-39: Launching mavenrun-4aa381c8-d1d4-4165-a558-2ee3bd2f0f8f] INFO  o.eclipse.m2e.core.internal.Bundles - 	Entry: C:\Users\Henry\.p2\pool\plugins\org.eclipse.m2e.maven.runtime_3.8.604.20221130-2149\jars\wagon-file-3.5.1.jar
2023-03-10 00:04:29,909 [Worker-39: Launching mavenrun-4aa381c8-d1d4-4165-a558-2ee3bd2f0f8f] INFO  o.eclipse.m2e.core.internal.Bundles - 	Entry: C:\Users\Henry\.p2\pool\plugins\org.eclipse.m2e.maven.runtime_3.8.604.20221130-2149\jars\wagon-provider-api-3.5.1.jar
2023-03-10 00:04:29,910 [Worker-39: Launching mavenrun-4aa381c8-d1d4-4165-a558-2ee3bd2f0f8f] INFO  o.eclipse.m2e.core.internal.Bundles - getClasspathEntries(Bundle=com.google.guava_30.1.0.v20221112-0806 [10])
2023-03-10 00:04:29,910 [Worker-39: Launching mavenrun-4aa381c8-d1d4-4165-a558-2ee3bd2f0f8f] INFO  o.eclipse.m2e.core.internal.Bundles - 	Entry: C:\Users\Henry\.p2\pool\plugins\com.google.guava_30.1.0.v20221112-0806.jar
2023-03-10 00:04:29,910 [Worker-39: Launching mavenrun-4aa381c8-d1d4-4165-a558-2ee3bd2f0f8f] INFO  o.eclipse.m2e.core.internal.Bundles - getClasspathEntries(Bundle=slf4j.api_1.7.36 [917])
2023-03-10 00:04:29,911 [Worker-39: Launching mavenrun-4aa381c8-d1d4-4165-a558-2ee3bd2f0f8f] INFO  o.eclipse.m2e.core.internal.Bundles - 	Entry: C:\Users\Henry\.p2\pool\plugins\slf4j.api_1.7.36.jar
2023-03-10 00:04:29,911 [Worker-39: Launching mavenrun-4aa381c8-d1d4-4165-a558-2ee3bd2f0f8f] INFO  o.eclipse.m2e.core.internal.Bundles - getClasspathEntries(Bundle=javax.inject_1.0.0.v20220405-0441 [32])
2023-03-10 00:04:29,912 [Worker-39: Launching mavenrun-4aa381c8-d1d4-4165-a558-2ee3bd2f0f8f] INFO  o.eclipse.m2e.core.internal.Bundles - 	Entry: C:\Users\Henry\.p2\pool\plugins\javax.inject_1.0.0.v20220405-0441.jar
2023-03-10 00:04:29,912 [Worker-39: Launching mavenrun-4aa381c8-d1d4-4165-a558-2ee3bd2f0f8f] INFO  o.eclipse.m2e.core.internal.Bundles - getClasspathEntries(Bundle=javax.annotation_1.3.5.v20221112-0806 [30])
2023-03-10 00:04:29,912 [Worker-39: Launching mavenrun-4aa381c8-d1d4-4165-a558-2ee3bd2f0f8f] INFO  o.eclipse.m2e.core.internal.Bundles - 	Entry: C:\Users\Henry\.p2\pool\plugins\javax.annotation_1.3.5.v20221112-0806.jar
2023-03-10 00:04:29,916 [Worker-39: Launching mavenrun-4aa381c8-d1d4-4165-a558-2ee3bd2f0f8f] INFO  o.e.m.i.launch.MavenLaunchDelegate - Run build in "C:\Users\Henry\AppData\Local\Temp\m2e-archetypeGenerator7312228908505080468":
2023-03-10 00:04:29,918 [Worker-39: Launching mavenrun-4aa381c8-d1d4-4165-a558-2ee3bd2f0f8f] INFO  o.e.m.i.launch.MavenLaunchDelegate -  mvn  -DarchetypeGroupId=org.apache.maven.archetypes -DarchetypeArtifactId=maven-archetype-quickstart -DarchetypeVersion=1.1 -DgroupId=Calculadora -DartifactId=Calculadora -Dversion=0.0.1-SNAPSHOT -Dpackage=Calculadora.Calculadora -DoutputDirectory=C:\Users\Henry\Desktop\GIT\JAVA\Calculadora\Calculadora -Dstyle.color=always -U archetype:generate
2023-03-10 00:05:24,198 [Worker-40: Creating maven-archetype-quickstart] INFO  o.e.m.c.i.p.ProjectConfigurationManager - Collecting project info '/pom.xml' C:\Users\Henry\Desktop\GIT\JAVA\Calculadora\Calculadora\Calculadora\pom.xml
2023-03-10 00:05:25,557 [Worker-40: Creating maven-archetype-quickstart] INFO  o.e.m.c.i.l.LifecycleMappingFactory - Using org.eclipse.m2e.jdt.JarLifecycleMapping lifecycle mapping for MavenProject: Calculadora:Calculadora:0.0.1-SNAPSHOT @ C:\Users\Henry\Desktop\GIT\JAVA\Calculadora\Calculadora\Calculadora\pom.xml.
2023-03-10 00:05:26,535 [Worker-40: Creating maven-archetype-quickstart] INFO  o.e.m.j.i.AbstractJavaProjectConfigurator - Adding source folder /Calculadora/src/main/java
2023-03-10 00:05:26,537 [Worker-40: Creating maven-archetype-quickstart] INFO  o.e.m.j.i.AbstractJavaProjectConfigurator - Adding source folder /Calculadora/src/test/java
2023-03-10 00:05:26,589 [Worker-40: Creating maven-archetype-quickstart] INFO  o.e.m.c.i.p.ProjectConfigurationManager - Imported and configured 1 project(s) in 2 sec
2023-03-10 00:05:27,342 [Worker-39: Building] INFO  o.e.m.c.i.embedder.EclipseLogger - Using 'UTF-8' encoding to copy filtered resources.
2023-03-10 00:05:27,342 [Worker-39: Building] INFO  o.e.m.c.i.embedder.EclipseLogger - skip non existing resourceDirectory C:\Users\Henry\Desktop\GIT\JAVA\Calculadora\Calculadora\Calculadora\src\main\resources
2023-03-10 00:05:27,345 [Worker-39: Building] INFO  o.e.m.c.i.embedder.EclipseLogger - Using 'UTF-8' encoding to copy filtered resources.
2023-03-10 00:05:27,345 [Worker-39: Building] INFO  o.e.m.c.i.embedder.EclipseLogger - skip non existing resourceDirectory C:\Users\Henry\Desktop\GIT\JAVA\Calculadora\Calculadora\Calculadora\src\test\resources
2023-03-10 00:05:27,492 [Worker-38: Download sources and javadoc] INFO  o.e.m.c.i.e.AbstractTransferListenerAdapter - Downloading https://repo.maven.apache.org/maven2/junit/junit/3.8.1/junit-3.8.1-sources.jar
2023-03-10 00:05:27,548 [Worker-38: Download sources and javadoc] INFO  o.e.m.c.i.e.AbstractTransferListenerAdapter - Downloaded https://repo.maven.apache.org/maven2/junit/junit/3.8.1/junit-3.8.1-sources.jar
2023-03-10 00:05:27,550 [Worker-38: Download sources and javadoc] INFO  o.e.m.j.internal.DownloadSourcesJob - Downloaded sources for junit:junit:3.8.1
2023-03-10 00:05:28,541 [Worker-41: Building] INFO  o.e.m.c.i.embedder.EclipseLogger - Using 'UTF-8' encoding to copy filtered resources.
2023-03-10 00:05:28,541 [Worker-41: Building] INFO  o.e.m.c.i.embedder.EclipseLogger - skip non existing resourceDirectory C:\Users\Henry\Desktop\GIT\JAVA\Calculadora\Calculadora\Calculadora\src\main\resources
2023-03-10 00:05:28,543 [Worker-41: Building] INFO  o.e.m.c.i.embedder.EclipseLogger - Using 'UTF-8' encoding to copy filtered resources.
2023-03-10 00:05:28,543 [Worker-41: Building] INFO  o.e.m.c.i.embedder.EclipseLogger - skip non existing resourceDirectory C:\Users\Henry\Desktop\GIT\JAVA\Calculadora\Calculadora\Calculadora\src\test\resources
2023-03-10 00:05:33,781 [Worker-41: Building] INFO  o.e.m.c.i.embedder.EclipseLogger - Using 'UTF-8' encoding to copy filtered resources.
2023-03-10 00:05:33,781 [Worker-41: Building] INFO  o.e.m.c.i.embedder.EclipseLogger - skip non existing resourceDirectory C:\Users\Henry\Desktop\GIT\JAVA\Calculadora\Calculadora\Calculadora\src\main\resources
2023-03-10 00:05:33,782 [Worker-41: Building] INFO  o.e.m.c.i.embedder.EclipseLogger - Using 'UTF-8' encoding to copy filtered resources.
2023-03-10 00:05:33,782 [Worker-41: Building] INFO  o.e.m.c.i.embedder.EclipseLogger - skip non existing resourceDirectory C:\Users\Henry\Desktop\GIT\JAVA\Calculadora\Calculadora\Calculadora\src\test\resources
